#
# There is insufficient memory for the Java Runtime Environment to continue.
# Native memory allocation (malloc) failed to allocate 1079936 bytes for Chunk::new
# Possible reasons:
#   The system is out of physical RAM or swap space
#   In 32 bit mode, the process size limit was hit
# Possible solutions:
#   Reduce memory load on the system
#   Increase physical memory or swap space
#   Check if swap backing store is full
#   Use 64 bit Java on a 64 bit OS
#   Decrease Java heap size (-Xmx/-Xms)
#   Decrease number of Java threads
#   Decrease Java thread stack sizes (-Xss)
#   Set larger code cache with -XX:ReservedCodeCacheSize=
# This output file may be truncated or incomplete.
#
#  Out of Memory Error (allocation.cpp:390), pid=2640, tid=0x00000000000005c8
#
# JRE version: OpenJDK Runtime Environment (8.0_112-b06) (build 1.8.0_112-release-b06)
# Java VM: OpenJDK 64-Bit Server VM (25.112-b06 mixed mode windows-amd64 compressed oops)
# Failed to write core dump. Minidumps are not enabled by default on client versions of Windows
#

---------------  T H R E A D  ---------------

Current thread (0x0000000056793000):  JavaThread "C2 CompilerThread0" daemon [_thread_in_native, id=1480, stack(0x0000000056fd0000,0x00000000570d0000)]

Stack: [0x0000000056fd0000,0x00000000570d0000]
[error occurred during error reporting (printing stack bounds), id 0xc0000005]

Native frames: (J=compiled Java code, j=interpreted, Vv=VM code, C=native code)


Current CompileTask:
C2:   8969 3194       4       groovy.lang.MetaClassImpl::addMetaMethodToIndex (65 bytes)


---------------  P R O C E S S  ---------------

Java Threads: ( => current thread )
  0x0000000059456800 JavaThread "File lock request listener" [_thread_in_native, id=2260, stack(0x000000005afa0000,0x000000005b0a0000)]
  0x0000000058906000 JavaThread "Stdin handler" [_thread_blocked, id=2788, stack(0x0000000056590000,0x0000000056690000)]
  0x0000000058904000 JavaThread "Asynchronous log dispatcher for DefaultDaemonConnection: socket connection from /127.0.0.1:53146 to /127.0.0.1:53147" [_thread_blocked, id=1764, stack(0x000000005ac20000,0x000000005ad20000)]
  0x000000005892a800 JavaThread "Daemon worker" [_thread_in_native, id=2076, stack(0x000000005ab10000,0x000000005ac10000)]
  0x00000000587cd000 JavaThread "Cancel handler" [_thread_blocked, id=5992, stack(0x000000005a8c0000,0x000000005a9c0000)]
  0x00000000588fd000 JavaThread "pool-1-thread-1" [_thread_blocked, id=3280, stack(0x0000000056e90000,0x0000000056f90000)]
  0x0000000058a00800 JavaThread "Handler for socket connection from /127.0.0.1:53146 to /127.0.0.1:53147" [_thread_in_native, id=5456, stack(0x000000005a770000,0x000000005a870000)]
  0x00000000588b4000 JavaThread "Daemon" [_thread_blocked, id=5540, stack(0x000000005a610000,0x000000005a710000)]
  0x0000000058948000 JavaThread "Incoming local TCP Connector on port 53146" [_thread_in_native, id=4212, stack(0x000000005a2b0000,0x000000005a3b0000)]
  0x00000000553ff000 JavaThread "Service Thread" daemon [_thread_blocked, id=2968, stack(0x00000000574f0000,0x00000000575f0000)]
  0x00000000567ab000 JavaThread "C1 CompilerThread2" daemon [_thread_blocked, id=2580, stack(0x0000000057310000,0x0000000057410000)]
  0x00000000567a8800 JavaThread "C2 CompilerThread1" daemon [_thread_in_native, id=3740, stack(0x0000000057180000,0x0000000057280000)]
=>0x0000000056793000 JavaThread "C2 CompilerThread0" daemon [_thread_in_native, id=1480, stack(0x0000000056fd0000,0x00000000570d0000)]
  0x0000000056790800 JavaThread "Attach Listener" daemon [_thread_blocked, id=6012, stack(0x0000000056d90000,0x0000000056e90000)]
  0x00000000553f4800 JavaThread "Signal Dispatcher" daemon [_thread_blocked, id=4628, stack(0x0000000056c10000,0x0000000056d10000)]
  0x00000000553db800 JavaThread "Finalizer" daemon [_thread_blocked, id=5268, stack(0x0000000056690000,0x0000000056790000)]
  0x0000000055394800 JavaThread "Reference Handler" daemon [_thread_blocked, id=1896, stack(0x0000000056490000,0x0000000056590000)]
  0x000000000246f000 JavaThread "main" [_thread_blocked, id=4632, stack(0x0000000002470000,0x0000000002570000)]

Other Threads:
  0x000000005538d000 VMThread [stack: 0x0000000056330000,0x0000000056430000] [id=2800]
  0x000000005683c800 WatcherThread [stack: 0x0000000057600000,0x0000000057700000] [id=3932]

VM state:not at safepoint (normal execution)

VM Mutex/Monitor currently owned by a thread: None

Heap:
 PSYoungGen      total 53248K, used 51544K [0x00000000eab00000, 0x00000000ee300000, 0x0000000100000000)
  eden space 49152K, 96% used [0x00000000eab00000,0x00000000ed95e0f0,0x00000000edb00000)
  from space 4096K, 99% used [0x00000000edf00000,0x00000000ee2f8010,0x00000000ee300000)
  to   space 4096K, 0% used [0x00000000edb00000,0x00000000edb00000,0x00000000edf00000)
 ParOldGen       total 52736K, used 15089K [0x00000000c0000000, 0x00000000c3380000, 0x00000000eab00000)
  object space 52736K, 28% used [0x00000000c0000000,0x00000000c0ebc628,0x00000000c3380000)
 Metaspace       used 30259K, capacity 30904K, committed 30976K, reserved 1075200K
  class space    used 4142K, capacity 4317K, committed 4352K, reserved 1048576K

Card table byte_map: [0x0000000011c00000,0x0000000011e10000] byte_map_base: 0x0000000011600000

Marking Bits: (ParMarkBitMap*) 0x00000000669618f0
 Begin Bits: [0x0000000012800000, 0x0000000013800000)
 End Bits:   [0x0000000013800000, 0x0000000014800000)

Polling page: 0x0000000000140000

CodeCache: size=245760Kb used=11901Kb max_used=12364Kb free=233858Kb
 bounds [0x0000000002840000, 0x0000000003460000, 0x0000000011840000]
 total_blobs=3694 nmethods=3028 adapters=578
 compilation: enabled

Compilation events (10 events):
Event: 8.930 Thread 0x00000000567ab000 3231       3       org.gradle.model.internal.core.ModelReference::isUntyped (11 bytes)
Event: 8.931 Thread 0x00000000567ab000 nmethod 3231 0x00000000029cc610 code [0x00000000029cc7a0, 0x00000000029ccc28]
Event: 8.931 Thread 0x00000000567ab000 3232       3       org.gradle.model.internal.core.ModelPath::compareTo (19 bytes)
Event: 8.931 Thread 0x00000000567ab000 nmethod 3232 0x0000000002b7edd0 code [0x0000000002b7ef40, 0x0000000002b7f1a8]
Event: 8.931 Thread 0x00000000567ab000 3233       1       com.google.common.cache.LocalCache$2::offer (2 bytes)
Event: 8.931 Thread 0x00000000567ab000 nmethod 3233 0x000000000294ea90 code [0x000000000294ebe0, 0x000000000294ecf0]
Event: 8.954 Thread 0x00000000567ab000 3234       3       java.util.regex.Matcher::find (35 bytes)
Event: 8.955 Thread 0x00000000567ab000 nmethod 3234 0x0000000003431b90 code [0x0000000003431d40, 0x00000000034322d8]
Event: 8.956 Thread 0x00000000567ab000 3235       3       java.util.regex.Pattern::range (279 bytes)
Event: 8.960 Thread 0x00000000567ab000 nmethod 3235 0x0000000002964550 code [0x0000000002964a00, 0x0000000002967288]

GC Heap History (10 events):
Event: 3.140 GC heap before
{Heap before GC invocations=3 (full 0):
 PSYoungGen      total 53248K, used 52913K [0x00000000eab00000, 0x00000000ee300000, 0x0000000100000000)
  eden space 49152K, 100% used [0x00000000eab00000,0x00000000edb00000,0x00000000edb00000)
  from space 4096K, 91% used [0x00000000edf00000,0x00000000ee2ac6a0,0x00000000ee300000)
  to   space 4096K, 0% used [0x00000000edb00000,0x00000000edb00000,0x00000000edf00000)
 ParOldGen       total 65536K, used 16K [0x00000000c0000000, 0x00000000c4000000, 0x00000000eab00000)
  object space 65536K, 0% used [0x00000000c0000000,0x00000000c0004000,0x00000000c4000000)
 Metaspace       used 16271K, capacity 16718K, committed 16768K, reserved 1062912K
  class space    used 2264K, capacity 2400K, committed 2432K, reserved 1048576K
Event: 3.171 GC heap after
Heap after GC invocations=3 (full 0):
 PSYoungGen      total 53248K, used 4096K [0x00000000eab00000, 0x00000000ee300000, 0x0000000100000000)
  eden space 49152K, 0% used [0x00000000eab00000,0x00000000eab00000,0x00000000edb00000)
  from space 4096K, 100% used [0x00000000edb00000,0x00000000edf00000,0x00000000edf00000)
  to   space 4096K, 0% used [0x00000000edf00000,0x00000000edf00000,0x00000000ee300000)
 ParOldGen       total 65536K, used 4682K [0x00000000c0000000, 0x00000000c4000000, 0x00000000eab00000)
  object space 65536K, 7% used [0x00000000c0000000,0x00000000c0492830,0x00000000c4000000)
 Metaspace       used 16271K, capacity 16718K, committed 16768K, reserved 1062912K
  class space    used 2264K, capacity 2400K, committed 2432K, reserved 1048576K
}
Event: 3.846 GC heap before
{Heap before GC invocations=4 (full 0):
 PSYoungGen      total 53248K, used 28609K [0x00000000eab00000, 0x00000000ee300000, 0x0000000100000000)
  eden space 49152K, 49% used [0x00000000eab00000,0x00000000ec2f0570,0x00000000edb00000)
  from space 4096K, 100% used [0x00000000edb00000,0x00000000edf00000,0x00000000edf00000)
  to   space 4096K, 0% used [0x00000000edf00000,0x00000000edf00000,0x00000000ee300000)
 ParOldGen       total 65536K, used 4682K [0x00000000c0000000, 0x00000000c4000000, 0x00000000eab00000)
  object space 65536K, 7% used [0x00000000c0000000,0x00000000c0492830,0x00000000c4000000)
 Metaspace       used 20706K, capacity 21114K, committed 21248K, reserved 1067008K
  class space    used 2799K, capacity 2948K, committed 3072K, reserved 1048576K
Event: 3.859 GC heap after
Heap after GC invocations=4 (full 0):
 PSYoungGen      total 53248K, used 4075K [0x00000000eab00000, 0x00000000ee300000, 0x0000000100000000)
  eden space 49152K, 0% used [0x00000000eab00000,0x00000000eab00000,0x00000000edb00000)
  from space 4096K, 99% used [0x00000000edf00000,0x00000000ee2fafe0,0x00000000ee300000)
  to   space 4096K, 0% used [0x00000000edb00000,0x00000000edb00000,0x00000000edf00000)
 ParOldGen       total 65536K, used 9786K [0x00000000c0000000, 0x00000000c4000000, 0x00000000eab00000)
  object space 65536K, 14% used [0x00000000c0000000,0x00000000c098e8a8,0x00000000c4000000)
 Metaspace       used 20706K, capacity 21114K, committed 21248K, reserved 1067008K
  class space    used 2799K, capacity 2948K, committed 3072K, reserved 1048576K
}
Event: 3.859 GC heap before
{Heap before GC invocations=5 (full 1):
 PSYoungGen      total 53248K, used 4075K [0x00000000eab00000, 0x00000000ee300000, 0x0000000100000000)
  eden space 49152K, 0% used [0x00000000eab00000,0x00000000eab00000,0x00000000edb00000)
  from space 4096K, 99% used [0x00000000edf00000,0x00000000ee2fafe0,0x00000000ee300000)
  to   space 4096K, 0% used [0x00000000edb00000,0x00000000edb00000,0x00000000edf00000)
 ParOldGen       total 65536K, used 9786K [0x00000000c0000000, 0x00000000c4000000, 0x00000000eab00000)
  object space 65536K, 14% used [0x00000000c0000000,0x00000000c098e8a8,0x00000000c4000000)
 Metaspace       used 20706K, capacity 21114K, committed 21248K, reserved 1067008K
  class space    used 2799K, capacity 2948K, committed 3072K, reserved 1048576K
Event: 3.916 GC heap after
Heap after GC invocations=5 (full 1):
 PSYoungGen      total 53248K, used 0K [0x00000000eab00000, 0x00000000ee300000, 0x0000000100000000)
  eden space 49152K, 0% used [0x00000000eab00000,0x00000000eab00000,0x00000000edb00000)
  from space 4096K, 0% used [0x00000000edf00000,0x00000000edf00000,0x00000000ee300000)
  to   space 4096K, 0% used [0x00000000edb00000,0x00000000edb00000,0x00000000edf00000)
 ParOldGen       total 52736K, used 9506K [0x00000000c0000000, 0x00000000c3380000, 0x00000000eab00000)
  object space 52736K, 18% used [0x00000000c0000000,0x00000000c09489e0,0x00000000c3380000)
 Metaspace       used 20706K, capacity 21114K, committed 21248K, reserved 1067008K
  class space    used 2799K, capacity 2948K, committed 3072K, reserved 1048576K
}
Event: 5.387 GC heap before
{Heap before GC invocations=6 (full 1):
 PSYoungGen      total 53248K, used 49152K [0x00000000eab00000, 0x00000000ee300000, 0x0000000100000000)
  eden space 49152K, 100% used [0x00000000eab00000,0x00000000edb00000,0x00000000edb00000)
  from space 4096K, 0% used [0x00000000edf00000,0x00000000edf00000,0x00000000ee300000)
  to   space 4096K, 0% used [0x00000000edb00000,0x00000000edb00000,0x00000000edf00000)
 ParOldGen       total 52736K, used 9506K [0x00000000c0000000, 0x00000000c3380000, 0x00000000eab00000)
  object space 52736K, 18% used [0x00000000c0000000,0x00000000c09489e0,0x00000000c3380000)
 Metaspace       used 24686K, capacity 25136K, committed 25344K, reserved 1071104K
  class space    used 3360K, capacity 3491K, committed 3584K, reserved 1048576K
Event: 5.394 GC heap after
Heap after GC invocations=6 (full 1):
 PSYoungGen      total 53248K, used 4067K [0x00000000eab00000, 0x00000000ee300000, 0x0000000100000000)
  eden space 49152K, 0% used [0x00000000eab00000,0x00000000eab00000,0x00000000edb00000)
  from space 4096K, 99% used [0x00000000edb00000,0x00000000edef8e20,0x00000000edf00000)
  to   space 4096K, 0% used [0x00000000edf00000,0x00000000edf00000,0x00000000ee300000)
 ParOldGen       total 52736K, used 10864K [0x00000000c0000000, 0x00000000c3380000, 0x00000000eab00000)
  object space 52736K, 20% used [0x00000000c0000000,0x00000000c0a9c140,0x00000000c3380000)
 Metaspace       used 24686K, capacity 25136K, committed 25344K, reserved 1071104K
  class space    used 3360K, capacity 3491K, committed 3584K, reserved 1048576K
}
Event: 6.372 GC heap before
{Heap before GC invocations=7 (full 1):
 PSYoungGen      total 53248K, used 53219K [0x00000000eab00000, 0x00000000ee300000, 0x0000000100000000)
  eden space 49152K, 100% used [0x00000000eab00000,0x00000000edb00000,0x00000000edb00000)
  from space 4096K, 99% used [0x00000000edb00000,0x00000000edef8e20,0x00000000edf00000)
  to   space 4096K, 0% used [0x00000000edf00000,0x00000000edf00000,0x00000000ee300000)
 ParOldGen       total 52736K, used 10864K [0x00000000c0000000, 0x00000000c3380000, 0x00000000eab00000)
  object space 52736K, 20% used [0x00000000c0000000,0x00000000c0a9c140,0x00000000c3380000)
 Metaspace       used 29487K, capacity 30076K, committed 30336K, reserved 1075200K
  class space    used 4066K, capacity 4214K, committed 4224K, reserved 1048576K
Event: 6.384 GC heap after
Heap after GC invocations=7 (full 1):
 PSYoungGen      total 53248K, used 4064K [0x00000000eab00000, 0x00000000ee300000, 0x0000000100000000)
  eden space 49152K, 0% used [0x00000000eab00000,0x00000000eab00000,0x00000000edb00000)
  from space 4096K, 99% used [0x00000000edf00000,0x00000000ee2f8010,0x00000000ee300000)
  to   space 4096K, 0% used [0x00000000edb00000,0x00000000edb00000,0x00000000edf00000)
 ParOldGen       total 52736K, used 15089K [0x00000000c0000000, 0x00000000c3380000, 0x00000000eab00000)
  object space 52736K, 28% used [0x00000000c0000000,0x00000000c0ebc628,0x00000000c3380000)
 Metaspace       used 29487K, capacity 30076K, committed 30336K, reserved 1075200K
  class space    used 4066K, capacity 4214K, committed 4224K, reserved 1048576K
}

Deoptimization events (10 events):
Event: 7.075 Thread 0x000000005892a800 Uncommon trap: reason=unstable_if action=reinterpret pc=0x00000000031ff71c method=com.sun.org.apache.xerces.internal.impl.XMLEntityScanner.peekChar()I @ 51
Event: 7.076 Thread 0x000000005892a800 Uncommon trap: reason=unstable_if action=reinterpret pc=0x000000000323fd48 method=com.sun.org.apache.xerces.internal.impl.XMLEntityScanner.skipSpaces()Z @ 75
Event: 7.129 Thread 0x000000005892a800 Uncommon trap: reason=unstable_if action=reinterpret pc=0x000000000330ecf0 method=com.sun.org.apache.xerces.internal.impl.XMLEntityScanner.scanData(Ljava/lang/String;Lcom/sun/org/apache/xerces/internal/util/XMLStringBuffer;)Z @ 326
Event: 7.162 Thread 0x000000005892a800 Uncommon trap: reason=unstable_if action=reinterpret pc=0x0000000003292d60 method=com.sun.org.apache.xerces.internal.impl.XMLEntityScanner.scanName()Ljava/lang/String; @ 205
Event: 7.328 Thread 0x000000005892a800 Uncommon trap: reason=unstable_if action=reinterpret pc=0x000000000323d528 method=com.sun.org.apache.xerces.internal.impl.io.UTF8Reader.read([CII)I @ 131
Event: 7.602 Thread 0x000000005892a800 Uncommon trap: reason=unstable_if action=reinterpret pc=0x000000000295cf70 method=com.sun.org.apache.xerces.internal.impl.XMLEntityScanner.scanName()Ljava/lang/String; @ 69
Event: 7.633 Thread 0x000000005892a800 Uncommon trap: reason=unstable_if action=reinterpret pc=0x0000000003323ec0 method=com.sun.org.apache.xerces.internal.impl.XMLEntityScanner.skipSpaces()Z @ 75
Event: 7.633 Thread 0x000000005892a800 Uncommon trap: reason=unstable_if action=reinterpret pc=0x0000000003316228 method=com.sun.org.apache.xerces.internal.impl.XMLEntityScanner.skipSpaces()Z @ 75
Event: 7.644 Thread 0x000000005892a800 Uncommon trap: reason=unstable_if action=reinterpret pc=0x00000000033ad714 method=com.sun.org.apache.xerces.internal.impl.XMLDocumentFragmentScannerImpl$FragmentContentDriver.next()I @ 815
Event: 8.708 Thread 0x000000005892a800 Uncommon trap: reason=unstable_if action=reinterpret pc=0x0000000002da40cc method=java.util.LinkedHashMap.afterNodeInsertion(Z)V @ 18

Internal exceptions (10 events):
Event: 8.895 Thread 0x000000005892a800 Exception <a 'java/lang/ClassNotFoundException': org/gradle/api/tasks/DeleteCustomizer> (0x00000000ed631ee8) thrown at [C:\src\android\AOSP-openjdk\external\jetbrains\jdk\hotspot\src\share\vm\classfile\systemDictionary.cpp, line 210]
Event: 8.898 Thread 0x000000005892a800 Exception <a 'java/lang/ClassNotFoundException': org/gradle/api/tasks/Delete_DecoratedCustomizer> (0x00000000ed66f438) thrown at [C:\src\android\AOSP-openjdk\external\jetbrains\jdk\hotspot\src\share\vm\classfile\systemDictionary.cpp, line 210]
Event: 8.914 Thread 0x000000005892a800 Exception <a 'java/lang/ClassNotFoundException': groovy/lang/GroovyObjectBeanInfo> (0x00000000ed789790) thrown at [C:\src\android\AOSP-openjdk\external\jetbrains\jdk\hotspot\src\share\vm\classfile\systemDictionary.cpp, line 210]
Event: 8.915 Thread 0x000000005892a800 Exception <a 'java/lang/ClassNotFoundException': groovy/lang/GroovyObjectCustomizer> (0x00000000ed7a7da0) thrown at [C:\src\android\AOSP-openjdk\external\jetbrains\jdk\hotspot\src\share\vm\classfile\systemDictionary.cpp, line 210]
Event: 8.916 Thread 0x000000005892a800 Exception <a 'java/lang/ClassNotFoundException': org/gradle/api/ScriptBeanInfo> (0x00000000ed7d50a0) thrown at [C:\src\android\AOSP-openjdk\external\jetbrains\jdk\hotspot\src\share\vm\classfile\systemDictionary.cpp, line 210]
Event: 8.917 Thread 0x000000005892a800 Exception <a 'java/lang/ClassNotFoundException': org/gradle/api/ScriptCustomizer> (0x00000000ed7f2878) thrown at [C:\src\android\AOSP-openjdk\external\jetbrains\jdk\hotspot\src\share\vm\classfile\systemDictionary.cpp, line 210]
Event: 8.920 Thread 0x000000005892a800 Exception <a 'java/lang/ClassNotFoundException': org/gradle/api/internal/file/FileOperationsBeanInfo> (0x00000000ed83b480) thrown at [C:\src\android\AOSP-openjdk\external\jetbrains\jdk\hotspot\src\share\vm\classfile\systemDictionary.cpp, line 210]
Event: 8.921 Thread 0x000000005892a800 Exception <a 'java/lang/ClassNotFoundException': org/gradle/api/internal/file/FileOperationsCustomizer> (0x00000000ed863750) thrown at [C:\src\android\AOSP-openjdk\external\jetbrains\jdk\hotspot\src\share\vm\classfile\systemDictionary.cpp, line 210]
Event: 8.923 Thread 0x000000005892a800 Exception <a 'java/lang/ClassNotFoundException': org/gradle/api/internal/ProcessOperationsBeanInfo> (0x00000000ed8a6d60) thrown at [C:\src\android\AOSP-openjdk\external\jetbrains\jdk\hotspot\src\share\vm\classfile\systemDictionary.cpp, line 210]
Event: 8.924 Thread 0x000000005892a800 Exception <a 'java/lang/ClassNotFoundException': org/gradle/api/internal/ProcessOperationsCustomizer> (0x00000000ed8ce5b0) thrown at [C:\src\android\AOSP-openjdk\external\jetbrains\jdk\hotspot\src\share\vm\classfile\systemDictionary.cpp, line 210]

Events (10 events):
Event: 8.923 loading class org/gradle/api/internal/ProcessOperationsCustomizer
Event: 8.923 loading class org/gradle/api/internal/ProcessOperationsCustomizer done
Event: 8.923 loading class org/gradle/api/internal/ProcessOperationsCustomizer
Event: 8.923 loading class org/gradle/api/internal/ProcessOperationsCustomizer done
Event: 8.924 loading class org/gradle/api/internal/ProcessOperationsCustomizer
Event: 8.924 loading class org/gradle/api/internal/ProcessOperationsCustomizer done
Event: 8.925 loading class org/gradle/internal/service/scopes/ProjectScopeServices$2
Event: 8.925 loading class org/gradle/internal/service/scopes/ProjectScopeServices$2 done
Event: 8.927 loading class org/gradle/configuration/project/DefaultProjectConfigurationActionContainer
Event: 8.927 loading class org/gradle/configuration/project/DefaultProjectConfigurationActionContainer done


Dynamic libraries:
0x000000013f240000 - 0x000000013f271000 	D:\Android Studio\jre\bin\java.exe
0x00000000770a0000 - 0x0000000077249000 	C:\Windows\SYSTEM32\ntdll.dll
0x0000000076d20000 - 0x0000000076e3f000 	C:\Windows\system32\kernel32.dll
0x000007fefd860000 - 0x000007fefd8cc000 	C:\Windows\system32\KERNELBASE.dll
0x000007fefe1b0000 - 0x000007fefe28b000 	C:\Windows\system32\ADVAPI32.dll
0x000007fefdc50000 - 0x000007fefdcef000 	C:\Windows\system32\msvcrt.dll
0x000007fefe2a0000 - 0x000007fefe2bf000 	C:\Windows\SYSTEM32\sechost.dll
0x000007fefe080000 - 0x000007fefe1ad000 	C:\Windows\system32\RPCRT4.dll
0x0000000076e40000 - 0x0000000076f3a000 	C:\Windows\system32\USER32.dll
0x000007fefd930000 - 0x000007fefd997000 	C:\Windows\system32\GDI32.dll
0x000007fefe3a0000 - 0x000007fefe3ae000 	C:\Windows\system32\LPK.dll
0x000007feff2e0000 - 0x000007feff3a9000 	C:\Windows\system32\USP10.dll
0x000007fefaf40000 - 0x000007fefb13c000 	C:\Windows\WinSxS\amd64_microsoft.windows.common-controls_6595b64144ccf1df_6.0.7601.17514_none_fa396087175ac9ac\COMCTL32.dll
0x000007fefe4d0000 - 0x000007fefe541000 	C:\Windows\system32\SHLWAPI.dll
0x000007fefde00000 - 0x000007fefde2e000 	C:\Windows\system32\IMM32.DLL
0x000007fefdcf0000 - 0x000007fefddf9000 	C:\Windows\system32\MSCTF.dll
0x000007fefd4b0000 - 0x000007fefd4f0000 	C:\Windows\system32\nvinitx.dll
0x0000000066f80000 - 0x0000000067052000 	D:\Android Studio\jre\jre\bin\msvcr100.dll
0x00000000661a0000 - 0x00000000669dc000 	D:\Android Studio\jre\jre\bin\server\jvm.dll
0x000007feeec90000 - 0x000007feeec99000 	C:\Windows\system32\WSOCK32.dll
0x000007fefe010000 - 0x000007fefe05d000 	C:\Windows\system32\WS2_32.dll
0x000007fefe290000 - 0x000007fefe298000 	C:\Windows\system32\NSI.dll
0x000007fef12f0000 - 0x000007fef132b000 	C:\Windows\system32\WINMM.dll
0x000007fefc510000 - 0x000007fefc51c000 	C:\Windows\system32\VERSION.dll
0x0000000077270000 - 0x0000000077277000 	C:\Windows\system32\PSAPI.DLL
0x000007fef0f60000 - 0x000007fef0f6f000 	D:\Android Studio\jre\jre\bin\verify.dll
0x000007feed980000 - 0x000007feed9a9000 	D:\Android Studio\jre\jre\bin\java.dll
0x000007feec890000 - 0x000007feec8a6000 	D:\Android Studio\jre\jre\bin\zip.dll
0x000007fefe550000 - 0x000007feff2d8000 	C:\Windows\system32\SHELL32.dll
0x000007fefda40000 - 0x000007fefdc43000 	C:\Windows\system32\ole32.dll
0x000007fefd4f0000 - 0x000007fefd4ff000 	C:\Windows\system32\profapi.dll
0x000007fee6a30000 - 0x000007fee6a4a000 	D:\Android Studio\jre\jre\bin\net.dll
0x000007fefcd20000 - 0x000007fefcd75000 	C:\Windows\system32\mswsock.dll
0x000007fefcd10000 - 0x000007fefcd17000 	C:\Windows\System32\wship6.dll
0x000007fee5480000 - 0x000007fee5491000 	D:\Android Studio\jre\jre\bin\nio.dll
0x000007feed9e0000 - 0x000007feed9fe000 	C:\Users\Smiling\.gradle\native\23\windows-amd64\native-platform.dll
0x000007fefcd80000 - 0x000007fefcd97000 	C:\Windows\system32\CRYPTSP.dll
0x000007fefca80000 - 0x000007fefcac7000 	C:\Windows\system32\rsaenh.dll
0x000007fefc800000 - 0x000007fefc81e000 	C:\Windows\system32\USERENV.dll
0x000007fefd3e0000 - 0x000007fefd3ef000 	C:\Windows\system32\CRYPTBASE.dll
0x000007fefbe50000 - 0x000007fefbe77000 	C:\Windows\system32\IPHLPAPI.DLL
0x000007fefbe40000 - 0x000007fefbe4b000 	C:\Windows\system32\WINNSI.DLL
0x000007fef1420000 - 0x000007fef1438000 	C:\Windows\system32\dhcpcsvc.DLL
0x000007fef1400000 - 0x000007fef1411000 	C:\Windows\system32\dhcpcsvc6.DLL
0x000007feed720000 - 0x000007feed72d000 	D:\Android Studio\jre\jre\bin\management.dll
0x000007fefd380000 - 0x000007fefd3d7000 	C:\Windows\system32\apphelp.dll

VM Arguments:
jvm_args: -XX:MaxPermSize=256m -XX:+HeapDumpOnOutOfMemoryError -Xmx1024m -Dfile.encoding=windows-1251 -Duser.country=RU -Duser.language=ru -Duser.variant 
java_command: org.gradle.launcher.daemon.bootstrap.GradleDaemon 3.3
java_class_path (initial): C:\Users\Smiling\.gradle\wrapper\dists\gradle-3.3-all\55gk2rcmfc6p2dg9u9ohc3hw9\gradle-3.3\lib\gradle-launcher-3.3.jar
Launcher Type: SUN_STANDARD

Environment Variables:
PATH=C:\Program Files (x86)\NVIDIA Corporation\PhysX\Common;C:\Windows\system32;C:\Windows;C:\Windows\System32\Wbem;C:\Windows\System32\WindowsPowerShell\v1.0\;C:\Program Files (x86)\Intel\OpenCL SDK\2.0\bin\x86;C:\Program Files (x86)\Intel\OpenCL SDK\2.0\bin\x64;C:\Program Files\Intel\WiFi\bin\;C:\Program Files\Common Files\Intel\WirelessCommon\;D:\Git\cmd;C:\Program Files (x86)\Skype\Phone\;C:\Program Files\Intel\WiFi\bin\;C:\Program Files\Common Files\Intel\WirelessCommon\
USERNAME=Smiling
OS=Windows_NT
PROCESSOR_IDENTIFIER=Intel64 Family 6 Model 58 Stepping 9, GenuineIntel



---------------  S Y S T E M  ---------------

OS: Windows 7 , 64 bit Build 7601 (6.1.7601.17651)

CPU:total 4 (2 cores per cpu, 2 threads per core) family 6 model 58 stepping 9, cmov, cx8, fxsr, mmx, sse, sse2, sse3, ssse3, sse4.1, sse4.2, popcnt, avx, clmul, erms, ht, tsc, tscinvbit, tscinv

Memory: 4k page, physical 6191468k(160284k free), swap 9261624k(5800k free)

vm_info: OpenJDK 64-Bit Server VM (25.112-b06) for windows-amd64 JRE (1.8.0_112-release-b06), built on Dec  8 2016 00:54:26 by "builder" with MS VC++ 10.0 (VS2010)

time: Tue Aug 29 23:23:23 2017
elapsed time: 8 seconds (0d 0h 0m 8s)

