#
# There is insufficient memory for the Java Runtime Environment to continue.
# Native memory allocation (malloc) failed to allocate 131088 bytes for Chunk::new
# Possible reasons:
#   The system is out of physical RAM or swap space
#   In 32 bit mode, the process size limit was hit
# Possible solutions:
#   Reduce memory load on the system
#   Increase physical memory or swap space
#   Check if swap backing store is full
#   Use 64 bit Java on a 64 bit OS
#   Decrease Java heap size (-Xmx/-Xms)
#   Decrease number of Java threads
#   Decrease Java thread stack sizes (-Xss)
#   Set larger code cache with -XX:ReservedCodeCacheSize=
# This output file may be truncated or incomplete.
#
#  Out of Memory Error (allocation.cpp:390), pid=4796, tid=0x0000000000001588
#
# JRE version: OpenJDK Runtime Environment (8.0_112-b06) (build 1.8.0_112-release-b06)
# Java VM: OpenJDK 64-Bit Server VM (25.112-b06 mixed mode windows-amd64 compressed oops)
# Failed to write core dump. Minidumps are not enabled by default on client versions of Windows
#

---------------  T H R E A D  ---------------

Current thread (0x00000000569ba800):  JavaThread "C2 CompilerThread1" daemon [_thread_in_native, id=5512, stack(0x00000000572a0000,0x00000000573a0000)]

Stack: [0x00000000572a0000,0x00000000573a0000]
[error occurred during error reporting (printing stack bounds), id 0xc0000005]

Native frames: (J=compiled Java code, j=interpreted, Vv=VM code, C=native code)


Current CompileTask:
C2:  26681 3684   !   4       java.lang.reflect.Executable::sharedToString (102 bytes)


---------------  P R O C E S S  ---------------

Java Threads: ( => current thread )
  0x0000000058348000 JavaThread "File lock request listener" [_thread_in_native, id=4544, stack(0x000000005b4d0000,0x000000005b5d0000)]
  0x0000000056b63800 JavaThread "Stdin handler" [_thread_blocked, id=4332, stack(0x0000000059f30000,0x000000005a030000)]
  0x0000000056b63000 JavaThread "Asynchronous log dispatcher for DefaultDaemonConnection: socket connection from /127.0.0.1:53116 to /127.0.0.1:53118" [_thread_blocked, id=2644, stack(0x0000000059cd0000,0x0000000059dd0000)]
  0x0000000056a68000 JavaThread "Daemon worker" [_thread_in_native, id=3744, stack(0x0000000059b90000,0x0000000059c90000)]
  0x0000000057db7800 JavaThread "Cancel handler" [_thread_blocked, id=2704, stack(0x00000000592d0000,0x00000000593d0000)]
  0x0000000057db5800 JavaThread "pool-1-thread-1" [_thread_blocked, id=1036, stack(0x0000000059a50000,0x0000000059b50000)]
  0x0000000058710000 JavaThread "Handler for socket connection from /127.0.0.1:53116 to /127.0.0.1:53118" [_thread_in_native, id=3764, stack(0x0000000059920000,0x0000000059a20000)]
  0x000000005870f800 JavaThread "Daemon" [_thread_blocked, id=5316, stack(0x00000000597d0000,0x00000000598d0000)]
  0x00000000586b1800 JavaThread "Incoming local TCP Connector on port 53116" [_thread_in_native, id=2772, stack(0x0000000059430000,0x0000000059530000)]
  0x00000000554cb800 JavaThread "Service Thread" daemon [_thread_blocked, id=1868, stack(0x0000000057410000,0x0000000057510000)]
  0x00000000569bc800 JavaThread "C1 CompilerThread2" daemon [_thread_blocked, id=736, stack(0x0000000056e60000,0x0000000056f60000)]
=>0x00000000569ba800 JavaThread "C2 CompilerThread1" daemon [_thread_in_native, id=5512, stack(0x00000000572a0000,0x00000000573a0000)]
  0x00000000569b3000 JavaThread "C2 CompilerThread0" daemon [_thread_in_vm, id=3588, stack(0x0000000057110000,0x0000000057210000)]
  0x00000000569b0800 JavaThread "Attach Listener" daemon [_thread_blocked, id=2832, stack(0x0000000056f70000,0x0000000057070000)]
  0x00000000554c4800 JavaThread "Signal Dispatcher" daemon [_thread_blocked, id=4824, stack(0x00000000563e0000,0x00000000564e0000)]
  0x00000000554ab800 JavaThread "Finalizer" daemon [_thread_blocked, id=5068, stack(0x00000000568b0000,0x00000000569b0000)]
  0x0000000055464800 JavaThread "Reference Handler" daemon [_thread_blocked, id=2500, stack(0x0000000056710000,0x0000000056810000)]
  0x00000000023af000 JavaThread "main" [_thread_blocked, id=3420, stack(0x00000000026f0000,0x00000000027f0000)]

Other Threads:
  0x000000005545d000 VMThread [stack: 0x0000000056550000,0x0000000056650000] [id=1408]
  0x00000000554cc800 WatcherThread [stack: 0x00000000575a0000,0x00000000576a0000] [id=4220]

VM state:not at safepoint (normal execution)

VM Mutex/Monitor currently owned by a thread: None

Heap:
 PSYoungGen      total 40960K, used 18140K [0x00000000eab00000, 0x00000000eea80000, 0x0000000100000000)
  eden space 31744K, 57% used [0x00000000eab00000,0x00000000ebcb7388,0x00000000eca00000)
  from space 9216K, 0% used [0x00000000eca00000,0x00000000eca00000,0x00000000ed300000)
  to   space 9216K, 0% used [0x00000000ee180000,0x00000000ee180000,0x00000000eea80000)
 ParOldGen       total 54784K, used 14952K [0x00000000c0000000, 0x00000000c3580000, 0x00000000eab00000)
  object space 54784K, 27% used [0x00000000c0000000,0x00000000c0e9a0c8,0x00000000c3580000)
 Metaspace       used 34793K, capacity 35532K, committed 35672K, reserved 1079296K
  class space    used 4686K, capacity 4887K, committed 4952K, reserved 1048576K

Card table byte_map: [0x0000000011e80000,0x0000000012090000] byte_map_base: 0x0000000011880000

Marking Bits: (ParMarkBitMap*) 0x00000000669618f0
 Begin Bits: [0x00000000128d0000, 0x00000000138d0000)
 End Bits:   [0x00000000138d0000, 0x00000000148d0000)

Polling page: 0x0000000000130000

CodeCache: size=245760Kb used=13241Kb max_used=13257Kb free=232518Kb
 bounds [0x0000000002ac0000, 0x00000000037d0000, 0x0000000011ac0000]
 total_blobs=4262 nmethods=3561 adapters=614
 compilation: enabled

Compilation events (10 events):
Event: 26.602 Thread 0x00000000569bc800 3762       3       java.util.Formatter$FormatSpecifier::checkBadFlags (39 bytes)
Event: 26.603 Thread 0x00000000569bc800 nmethod 3762 0x00000000037ac150 code [0x00000000037ac300, 0x00000000037ac798]
Event: 26.629 Thread 0x00000000569ba800 nmethod 3703 0x00000000037b1290 code [0x00000000037b1520, 0x00000000037b3118]
Event: 26.629 Thread 0x00000000569ba800 3748       4       org.apache.commons.lang.builder.HashCodeBuilder::append (44 bytes)
Event: 26.629 Thread 0x00000000569bc800 3763       3       java.util.Stack::empty (13 bytes)
Event: 26.630 Thread 0x00000000569bc800 nmethod 3763 0x00000000037b0cd0 code [0x00000000037b0e40, 0x00000000037b11f0]
Event: 26.633 Thread 0x00000000569ba800 nmethod 3748 0x00000000037adad0 code [0x00000000037adc20, 0x00000000037addb8]
Event: 26.633 Thread 0x00000000569ba800 3684   !   4       java.lang.reflect.Executable::sharedToString (102 bytes)
Event: 26.654 Thread 0x00000000569b3000 nmethod 3683 0x00000000037b9190 code [0x00000000037b9500, 0x00000000037bc550]
Event: 26.655 Thread 0x00000000569b3000 3764  s!   4       sun.misc.URLClassPath::getLoader (197 bytes)

GC Heap History (10 events):
Event: 22.239 GC heap before
{Heap before GC invocations=11 (full 1):
 PSYoungGen      total 27136K, used 26975K [0x00000000eab00000, 0x00000000ed280000, 0x0000000100000000)
  eden space 22016K, 100% used [0x00000000eab00000,0x00000000ec080000,0x00000000ec080000)
  from space 5120K, 96% used [0x00000000ec100000,0x00000000ec5d7c88,0x00000000ec600000)
  to   space 9216K, 0% used [0x00000000ec980000,0x00000000ec980000,0x00000000ed280000)
 ParOldGen       total 38912K, used 10373K [0x00000000c0000000, 0x00000000c2600000, 0x00000000eab00000)
  object space 38912K, 26% used [0x00000000c0000000,0x00000000c0a21510,0x00000000c2600000)
 Metaspace       used 29727K, capacity 30300K, committed 30464K, reserved 1075200K
  class space    used 4073K, capacity 4246K, committed 4352K, reserved 1048576K
Event: 22.283 GC heap after
Heap after GC invocations=11 (full 1):
 PSYoungGen      total 30720K, used 1488K [0x00000000eab00000, 0x00000000ede00000, 0x0000000100000000)
  eden space 21504K, 0% used [0x00000000eab00000,0x00000000eab00000,0x00000000ec000000)
  from space 9216K, 16% used [0x00000000ec980000,0x00000000ecaf4020,0x00000000ed280000)
  to   space 9728K, 0% used [0x00000000ec000000,0x00000000ec000000,0x00000000ec980000)
 ParOldGen       total 38912K, used 13201K [0x00000000c0000000, 0x00000000c2600000, 0x00000000eab00000)
  object space 38912K, 33% used [0x00000000c0000000,0x00000000c0ce4540,0x00000000c2600000)
 Metaspace       used 29727K, capacity 30300K, committed 30464K, reserved 1075200K
  class space    used 4073K, capacity 4246K, committed 4352K, reserved 1048576K
}
Event: 24.988 GC heap before
{Heap before GC invocations=12 (full 1):
 PSYoungGen      total 30720K, used 22992K [0x00000000eab00000, 0x00000000ede00000, 0x0000000100000000)
  eden space 21504K, 100% used [0x00000000eab00000,0x00000000ec000000,0x00000000ec000000)
  from space 9216K, 16% used [0x00000000ec980000,0x00000000ecaf4020,0x00000000ed280000)
  to   space 9728K, 0% used [0x00000000ec000000,0x00000000ec000000,0x00000000ec980000)
 ParOldGen       total 38912K, used 13201K [0x00000000c0000000, 0x00000000c2600000, 0x00000000eab00000)
  object space 38912K, 33% used [0x00000000c0000000,0x00000000c0ce4540,0x00000000c2600000)
 Metaspace       used 30009K, capacity 30578K, committed 30720K, reserved 1075200K
  class space    used 4096K, capacity 4252K, committed 4352K, reserved 1048576K
Event: 24.995 GC heap after
Heap after GC invocations=12 (full 1):
 PSYoungGen      total 31232K, used 832K [0x00000000eab00000, 0x00000000edd00000, 0x0000000100000000)
  eden space 21504K, 0% used [0x00000000eab00000,0x00000000eab00000,0x00000000ec000000)
  from space 9728K, 8% used [0x00000000ec000000,0x00000000ec0d0000,0x00000000ec980000)
  to   space 9728K, 0% used [0x00000000ed380000,0x00000000ed380000,0x00000000edd00000)
 ParOldGen       total 38912K, used 14337K [0x00000000c0000000, 0x00000000c2600000, 0x00000000eab00000)
  object space 38912K, 36% used [0x00000000c0000000,0x00000000c0e00560,0x00000000c2600000)
 Metaspace       used 30009K, capacity 30578K, committed 30720K, reserved 1075200K
  class space    used 4096K, capacity 4252K, committed 4352K, reserved 1048576K
}
Event: 25.668 GC heap before
{Heap before GC invocations=13 (full 1):
 PSYoungGen      total 31232K, used 22336K [0x00000000eab00000, 0x00000000edd00000, 0x0000000100000000)
  eden space 21504K, 100% used [0x00000000eab00000,0x00000000ec000000,0x00000000ec000000)
  from space 9728K, 8% used [0x00000000ec000000,0x00000000ec0d0000,0x00000000ec980000)
  to   space 9728K, 0% used [0x00000000ed380000,0x00000000ed380000,0x00000000edd00000)
 ParOldGen       total 38912K, used 14337K [0x00000000c0000000, 0x00000000c2600000, 0x00000000eab00000)
  object space 38912K, 36% used [0x00000000c0000000,0x00000000c0e00560,0x00000000c2600000)
 Metaspace       used 32882K, capacity 33590K, committed 33920K, reserved 1079296K
  class space    used 4453K, capacity 4642K, committed 4736K, reserved 1048576K
Event: 25.674 GC heap after
Heap after GC invocations=13 (full 1):
 PSYoungGen      total 40448K, used 3320K [0x00000000eab00000, 0x00000000edc00000, 0x0000000100000000)
  eden space 31744K, 0% used [0x00000000eab00000,0x00000000eab00000,0x00000000eca00000)
  from space 8704K, 38% used [0x00000000ed380000,0x00000000ed6be3c0,0x00000000edc00000)
  to   space 9216K, 0% used [0x00000000eca00000,0x00000000eca00000,0x00000000ed300000)
 ParOldGen       total 38912K, used 14933K [0x00000000c0000000, 0x00000000c2600000, 0x00000000eab00000)
  object space 38912K, 38% used [0x00000000c0000000,0x00000000c0e95580,0x00000000c2600000)
 Metaspace       used 32882K, capacity 33590K, committed 33920K, reserved 1079296K
  class space    used 4453K, capacity 4642K, committed 4736K, reserved 1048576K
}
Event: 26.210 GC heap before
{Heap before GC invocations=14 (full 1):
 PSYoungGen      total 40448K, used 18357K [0x00000000eab00000, 0x00000000edc00000, 0x0000000100000000)
  eden space 31744K, 47% used [0x00000000eab00000,0x00000000eb9af128,0x00000000eca00000)
  from space 8704K, 38% used [0x00000000ed380000,0x00000000ed6be3c0,0x00000000edc00000)
  to   space 9216K, 0% used [0x00000000eca00000,0x00000000eca00000,0x00000000ed300000)
 ParOldGen       total 38912K, used 14933K [0x00000000c0000000, 0x00000000c2600000, 0x00000000eab00000)
  object space 38912K, 38% used [0x00000000c0000000,0x00000000c0e95580,0x00000000c2600000)
 Metaspace       used 34515K, capacity 35270K, committed 35416K, reserved 1079296K
  class space    used 4662K, capacity 4886K, committed 4952K, reserved 1048576K
Event: 26.214 GC heap after
Heap after GC invocations=14 (full 1):
 PSYoungGen      total 40960K, used 1845K [0x00000000eab00000, 0x00000000eea80000, 0x0000000100000000)
  eden space 31744K, 0% used [0x00000000eab00000,0x00000000eab00000,0x00000000eca00000)
  from space 9216K, 20% used [0x00000000eca00000,0x00000000ecbcd720,0x00000000ed300000)
  to   space 9216K, 0% used [0x00000000ee180000,0x00000000ee180000,0x00000000eea80000)
 ParOldGen       total 38912K, used 16273K [0x00000000c0000000, 0x00000000c2600000, 0x00000000eab00000)
  object space 38912K, 41% used [0x00000000c0000000,0x00000000c0fe4590,0x00000000c2600000)
 Metaspace       used 34515K, capacity 35270K, committed 35416K, reserved 1079296K
  class space    used 4662K, capacity 4886K, committed 4952K, reserved 1048576K
}
Event: 26.214 GC heap before
{Heap before GC invocations=15 (full 2):
 PSYoungGen      total 40960K, used 1845K [0x00000000eab00000, 0x00000000eea80000, 0x0000000100000000)
  eden space 31744K, 0% used [0x00000000eab00000,0x00000000eab00000,0x00000000eca00000)
  from space 9216K, 20% used [0x00000000eca00000,0x00000000ecbcd720,0x00000000ed300000)
  to   space 9216K, 0% used [0x00000000ee180000,0x00000000ee180000,0x00000000eea80000)
 ParOldGen       total 38912K, used 16273K [0x00000000c0000000, 0x00000000c2600000, 0x00000000eab00000)
  object space 38912K, 41% used [0x00000000c0000000,0x00000000c0fe4590,0x00000000c2600000)
 Metaspace       used 34515K, capacity 35270K, committed 35416K, reserved 1079296K
  class space    used 4662K, capacity 4886K, committed 4952K, reserved 1048576K
Event: 26.324 GC heap after
Heap after GC invocations=15 (full 2):
 PSYoungGen      total 40960K, used 0K [0x00000000eab00000, 0x00000000eea80000, 0x0000000100000000)
  eden space 31744K, 0% used [0x00000000eab00000,0x00000000eab00000,0x00000000eca00000)
  from space 9216K, 0% used [0x00000000eca00000,0x00000000eca00000,0x00000000ed300000)
  to   space 9216K, 0% used [0x00000000ee180000,0x00000000ee180000,0x00000000eea80000)
 ParOldGen       total 54784K, used 14952K [0x00000000c0000000, 0x00000000c3580000, 0x00000000eab00000)
  object space 54784K, 27% used [0x00000000c0000000,0x00000000c0e9a0c8,0x00000000c3580000)
 Metaspace       used 34515K, capacity 35270K, committed 35416K, reserved 1079296K
  class space    used 4662K, capacity 4886K, committed 4952K, reserved 1048576K
}

Deoptimization events (10 events):
Event: 22.769 Thread 0x0000000056a68000 Uncommon trap: reason=unstable_if action=reinterpret pc=0x00000000034d62e4 method=com.sun.org.apache.xerces.internal.impl.XMLEntityScanner.skipSpaces()Z @ 75
Event: 22.781 Thread 0x0000000056a68000 Uncommon trap: reason=unstable_if action=reinterpret pc=0x0000000003546ee0 method=com.sun.org.apache.xerces.internal.impl.XMLDocumentFragmentScannerImpl$FragmentContentDriver.next()I @ 815
Event: 25.177 Thread 0x0000000056a68000 Uncommon trap: reason=unstable_if action=reinterpret pc=0x00000000035642f4 method=java.util.regex.Pattern$CharProperty.match(Ljava/util/regex/Matcher;ILjava/lang/CharSequence;)Z @ 40
Event: 25.451 Thread 0x0000000056a68000 Uncommon trap: reason=unstable_if action=reinterpret pc=0x00000000033df48c method=java.lang.Integer.valueOf(I)Ljava/lang/Integer; @ 3
Event: 25.706 Thread 0x0000000056a68000 Uncommon trap: reason=bimorphic action=maybe_recompile pc=0x00000000031ee7d8 method=java.security.MessageDigest$Delegate.engineUpdate([BII)V @ 7
Event: 25.706 Thread 0x0000000056a68000 Uncommon trap: reason=bimorphic action=maybe_recompile pc=0x00000000031ee7d8 method=java.security.MessageDigest$Delegate.engineUpdate([BII)V @ 7
Event: 26.341 Thread 0x0000000056a68000 Uncommon trap: reason=unstable_if action=reinterpret pc=0x0000000003346258 method=java.util.HashMap.putVal(ILjava/lang/Object;Ljava/lang/Object;ZZ)Ljava/lang/Object; @ 162
Event: 26.341 Thread 0x0000000056a68000 Uncommon trap: reason=unstable_if action=reinterpret pc=0x0000000002cec7ec method=java.util.HashMap.resize()[Ljava/util/HashMap$Node; @ 206
Event: 26.568 Thread 0x0000000056a68000 Uncommon trap: reason=unstable_if action=reinterpret pc=0x0000000003747968 method=java.lang.reflect.Modifier.toString(I)Ljava/lang/String; @ 123
Event: 26.568 Thread 0x0000000056a68000 Uncommon trap: reason=unstable_if action=reinterpret pc=0x000000000379350c method=java.lang.reflect.Modifier.toString(I)Ljava/lang/String; @ 123

Internal exceptions (10 events):
Event: 25.170 Thread 0x0000000056a68000 Exception <a 'java/lang/ClassNotFoundException': groovy/lang/GroovyObjectBeanInfo> (0x00000000eb02e568) thrown at [C:\src\android\AOSP-openjdk\external\jetbrains\jdk\hotspot\src\share\vm\classfile\systemDictionary.cpp, line 210]
Event: 25.170 Thread 0x0000000056a68000 Exception <a 'java/lang/ClassNotFoundException': groovy/lang/GroovyObjectCustomizer> (0x00000000eb04cb78) thrown at [C:\src\android\AOSP-openjdk\external\jetbrains\jdk\hotspot\src\share\vm\classfile\systemDictionary.cpp, line 210]
Event: 25.171 Thread 0x0000000056a68000 Exception <a 'java/lang/ClassNotFoundException': org/gradle/api/ScriptBeanInfo> (0x00000000eb079ed0) thrown at [C:\src\android\AOSP-openjdk\external\jetbrains\jdk\hotspot\src\share\vm\classfile\systemDictionary.cpp, line 210]
Event: 25.172 Thread 0x0000000056a68000 Exception <a 'java/lang/ClassNotFoundException': org/gradle/api/ScriptCustomizer> (0x00000000eb0976a8) thrown at [C:\src\android\AOSP-openjdk\external\jetbrains\jdk\hotspot\src\share\vm\classfile\systemDictionary.cpp, line 210]
Event: 25.173 Thread 0x0000000056a68000 Exception <a 'java/lang/ClassNotFoundException': org/gradle/api/internal/file/FileOperationsBeanInfo> (0x00000000eb0e0320) thrown at [C:\src\android\AOSP-openjdk\external\jetbrains\jdk\hotspot\src\share\vm\classfile\systemDictionary.cpp, line 210]
Event: 25.174 Thread 0x0000000056a68000 Exception <a 'java/lang/ClassNotFoundException': org/gradle/api/internal/file/FileOperationsCustomizer> (0x00000000eb1085f0) thrown at [C:\src\android\AOSP-openjdk\external\jetbrains\jdk\hotspot\src\share\vm\classfile\systemDictionary.cpp, line 210]
Event: 25.175 Thread 0x0000000056a68000 Exception <a 'java/lang/ClassNotFoundException': org/gradle/api/internal/ProcessOperationsBeanInfo> (0x00000000eb14bbd0) thrown at [C:\src\android\AOSP-openjdk\external\jetbrains\jdk\hotspot\src\share\vm\classfile\systemDictionary.cpp, line 210]
Event: 25.176 Thread 0x0000000056a68000 Exception <a 'java/lang/ClassNotFoundException': org/gradle/api/internal/ProcessOperationsCustomizer> (0x00000000eb173420) thrown at [C:\src\android\AOSP-openjdk\external\jetbrains\jdk\hotspot\src\share\vm\classfile\systemDictionary.cpp, line 210]
Event: 25.310 Thread 0x0000000056a68000 Exception <a 'java/lang/ClassNotFoundException': build_earfonefqnd204ch3ewdry272BeanInfo> (0x00000000eb213df8) thrown at [C:\src\android\AOSP-openjdk\external\jetbrains\jdk\hotspot\src\share\vm\classfile\systemDictionary.cpp, line 210]
Event: 25.312 Thread 0x0000000056a68000 Exception <a 'java/lang/ClassNotFoundException': build_earfonefqnd204ch3ewdry272Customizer> (0x00000000eb224040) thrown at [C:\src\android\AOSP-openjdk\external\jetbrains\jdk\hotspot\src\share\vm\classfile\systemDictionary.cpp, line 210]

Events (10 events):
Event: 26.631 loading class org/apache/tools/ant/types/FilterSet$OnMissing
Event: 26.631 loading class org/apache/tools/ant/types/FilterSet$OnMissing done
Event: 26.631 loading class org/apache/tools/ant/types/EnumeratedAttribute
Event: 26.631 loading class org/apache/tools/ant/types/EnumeratedAttribute done
Event: 26.632 loading class org/apache/tools/ant/types/FilterSet$Filter
Event: 26.632 loading class org/apache/tools/ant/types/FilterSet$Filter done
Event: 26.632 loading class org/apache/tools/ant/types/Reference
Event: 26.632 loading class org/apache/tools/ant/types/Reference done
Event: 26.633 loading class org/apache/tools/ant/Location
Event: 26.633 loading class org/apache/tools/ant/Location done


Dynamic libraries:
0x000000013f240000 - 0x000000013f271000 	D:\Android Studio\jre\bin\java.exe
0x00000000770a0000 - 0x0000000077249000 	C:\Windows\SYSTEM32\ntdll.dll
0x0000000076d20000 - 0x0000000076e3f000 	C:\Windows\system32\kernel32.dll
0x000007fefd860000 - 0x000007fefd8cc000 	C:\Windows\system32\KERNELBASE.dll
0x000007fefe1b0000 - 0x000007fefe28b000 	C:\Windows\system32\ADVAPI32.dll
0x000007fefdc50000 - 0x000007fefdcef000 	C:\Windows\system32\msvcrt.dll
0x000007fefe2a0000 - 0x000007fefe2bf000 	C:\Windows\SYSTEM32\sechost.dll
0x000007fefe080000 - 0x000007fefe1ad000 	C:\Windows\system32\RPCRT4.dll
0x0000000076e40000 - 0x0000000076f3a000 	C:\Windows\system32\USER32.dll
0x000007fefd930000 - 0x000007fefd997000 	C:\Windows\system32\GDI32.dll
0x000007fefe3a0000 - 0x000007fefe3ae000 	C:\Windows\system32\LPK.dll
0x000007feff2e0000 - 0x000007feff3a9000 	C:\Windows\system32\USP10.dll
0x000007fefaf40000 - 0x000007fefb13c000 	C:\Windows\WinSxS\amd64_microsoft.windows.common-controls_6595b64144ccf1df_6.0.7601.17514_none_fa396087175ac9ac\COMCTL32.dll
0x000007fefe4d0000 - 0x000007fefe541000 	C:\Windows\system32\SHLWAPI.dll
0x000007fefde00000 - 0x000007fefde2e000 	C:\Windows\system32\IMM32.DLL
0x000007fefdcf0000 - 0x000007fefddf9000 	C:\Windows\system32\MSCTF.dll
0x000007fefd4b0000 - 0x000007fefd4f0000 	C:\Windows\system32\nvinitx.dll
0x0000000066f80000 - 0x0000000067052000 	D:\Android Studio\jre\jre\bin\msvcr100.dll
0x00000000661a0000 - 0x00000000669dc000 	D:\Android Studio\jre\jre\bin\server\jvm.dll
0x000007feeec90000 - 0x000007feeec99000 	C:\Windows\system32\WSOCK32.dll
0x000007fefe010000 - 0x000007fefe05d000 	C:\Windows\system32\WS2_32.dll
0x000007fefe290000 - 0x000007fefe298000 	C:\Windows\system32\NSI.dll
0x000007fef12f0000 - 0x000007fef132b000 	C:\Windows\system32\WINMM.dll
0x000007fefc510000 - 0x000007fefc51c000 	C:\Windows\system32\VERSION.dll
0x0000000077270000 - 0x0000000077277000 	C:\Windows\system32\PSAPI.DLL
0x000007fef0f60000 - 0x000007fef0f6f000 	D:\Android Studio\jre\jre\bin\verify.dll
0x000007feed980000 - 0x000007feed9a9000 	D:\Android Studio\jre\jre\bin\java.dll
0x000007feec890000 - 0x000007feec8a6000 	D:\Android Studio\jre\jre\bin\zip.dll
0x000007fefe550000 - 0x000007feff2d8000 	C:\Windows\system32\SHELL32.dll
0x000007fefda40000 - 0x000007fefdc43000 	C:\Windows\system32\ole32.dll
0x000007fefd4f0000 - 0x000007fefd4ff000 	C:\Windows\system32\profapi.dll
0x000007fee6a30000 - 0x000007fee6a4a000 	D:\Android Studio\jre\jre\bin\net.dll
0x000007fefcd20000 - 0x000007fefcd75000 	C:\Windows\system32\mswsock.dll
0x000007fefcd10000 - 0x000007fefcd17000 	C:\Windows\System32\wship6.dll
0x000007fee5480000 - 0x000007fee5491000 	D:\Android Studio\jre\jre\bin\nio.dll
0x000007feed9e0000 - 0x000007feed9fe000 	C:\Users\Smiling\.gradle\native\23\windows-amd64\native-platform.dll
0x000007fefcd80000 - 0x000007fefcd97000 	C:\Windows\system32\CRYPTSP.dll
0x000007fefca80000 - 0x000007fefcac7000 	C:\Windows\system32\rsaenh.dll
0x000007fefc800000 - 0x000007fefc81e000 	C:\Windows\system32\USERENV.dll
0x000007fefd3e0000 - 0x000007fefd3ef000 	C:\Windows\system32\CRYPTBASE.dll
0x000007fefbe50000 - 0x000007fefbe77000 	C:\Windows\system32\IPHLPAPI.DLL
0x000007fefbe40000 - 0x000007fefbe4b000 	C:\Windows\system32\WINNSI.DLL
0x000007fef1420000 - 0x000007fef1438000 	C:\Windows\system32\dhcpcsvc.DLL
0x000007fef1400000 - 0x000007fef1411000 	C:\Windows\system32\dhcpcsvc6.DLL
0x000007feed720000 - 0x000007feed72d000 	D:\Android Studio\jre\jre\bin\management.dll
0x000007fefd380000 - 0x000007fefd3d7000 	C:\Windows\system32\apphelp.dll

VM Arguments:
jvm_args: -XX:MaxPermSize=256m -XX:+HeapDumpOnOutOfMemoryError -Xmx1024m -Dfile.encoding=windows-1251 -Duser.country=RU -Duser.language=ru -Duser.variant 
java_command: org.gradle.launcher.daemon.bootstrap.GradleDaemon 3.3
java_class_path (initial): C:\Users\Smiling\.gradle\wrapper\dists\gradle-3.3-all\55gk2rcmfc6p2dg9u9ohc3hw9\gradle-3.3\lib\gradle-launcher-3.3.jar
Launcher Type: SUN_STANDARD

Environment Variables:
PATH=C:\Program Files (x86)\NVIDIA Corporation\PhysX\Common;C:\Windows\system32;C:\Windows;C:\Windows\System32\Wbem;C:\Windows\System32\WindowsPowerShell\v1.0\;C:\Program Files (x86)\Intel\OpenCL SDK\2.0\bin\x86;C:\Program Files (x86)\Intel\OpenCL SDK\2.0\bin\x64;C:\Program Files\Intel\WiFi\bin\;C:\Program Files\Common Files\Intel\WirelessCommon\;D:\Git\cmd;C:\Program Files (x86)\Skype\Phone\;C:\Program Files\Intel\WiFi\bin\;C:\Program Files\Common Files\Intel\WirelessCommon\
USERNAME=Smiling
OS=Windows_NT
PROCESSOR_IDENTIFIER=Intel64 Family 6 Model 58 Stepping 9, GenuineIntel



---------------  S Y S T E M  ---------------

OS: Windows 7 , 64 bit Build 7601 (6.1.7601.17651)

CPU:total 4 (2 cores per cpu, 2 threads per core) family 6 model 58 stepping 9, cmov, cx8, fxsr, mmx, sse, sse2, sse3, ssse3, sse4.1, sse4.2, popcnt, avx, clmul, erms, ht, tsc, tscinvbit, tscinv

Memory: 4k page, physical 6191468k(186112k free), swap 9261624k(5124k free)

vm_info: OpenJDK 64-Bit Server VM (25.112-b06) for windows-amd64 JRE (1.8.0_112-release-b06), built on Dec  8 2016 00:54:26 by "builder" with MS VC++ 10.0 (VS2010)

time: Tue Aug 29 23:22:32 2017
elapsed time: 26 seconds (0d 0h 0m 26s)

